ERROR test/test_transforms.py::TestRayModuleTransform::test_ray_module_transform_scheme_flow - ModuleNotFoundError: No module named 'ray'
ERROR test/test_transforms.py::TestRayModuleTransform::test_ray_module_transform_scheme_collector - ModuleNotFoundError: No module named 'ray'
FAILED test/test_collector.py::TestCompile::test_compiled_policy[device0-True-Collector] - AttributeError: 'typing.Union' object has no attribute '__module__' and no __dict__ for setting new attributes. Did you mean: '__reduce__'?
FAILED test/test_collector.py::TestCompile::test_compiled_policy[device0-True-MultiAsyncCollector] - AttributeError: 'typing.Union' object has no attribute '__module__' and no __dict__ for setting new attributes

Worker traceback:
Traceback (most recent call last):
  File "/pytorch/rl/torchrl/collectors/_runner.py", line 89, in _main_async_collector
    inner_collector = collector_class(
        create_env_fn,
    ...<27 lines>...
        worker_idx=worker_idx,
    )
  File "/pytorch/rl/torchrl/collectors/_single.py", line 422, in __init__
    self._maybe_make_final_rollout(make_rollout=self._use_buffers)
    ~~~~~~~~~~~~~~~~~~~~~~~~~~~~~~^^^^^^^^^^^^^^^^^^^^^^^^^^^^^^^^
  File "/pytorch/rl/torchrl/collectors/_single.py", line 1013, in _maybe_make_final_rollout
    cudagraph_mark_step_begin()
    ~~~~~~~~~~~~~~~~~~~~~~~~~^^
  File "/pytorch/rl/venv/lib/python3.14/site-packages/torch/compiler/__init__.py", line 395, in cudagraph_mark_step_begin
    from torch._inductor import cudagraph_trees
  File "/pytorch/rl/venv/lib/python3.14/site-packages/torch/_inductor/cudagraph_trees.py", line 60, in <module>
    from torch._inductor.compile_fx import (
    ...<7 lines>...
    )
  File "/pytorch/rl/venv/lib/python3.14/site-packages/torch/_inductor/compile_fx.py", line 110, in <module>
    from .decomposition import select_decomp_table
  File "/pytorch/rl/venv/lib/python3.14/site-packages/torch/_inductor/decomposition.py", line 14, in <module>
    import torch.ao.quantization.fx._decomposed
  File "/pytorch/rl/venv/lib/python3.14/site-packages/torch/ao/quantization/fx/__init__.py", line 3, in <module>
    from .prepare import prepare
  File "/pytorch/rl/venv/lib/python3.14/site-packages/torch/ao/quantization/fx/prepare.py", line 31, in <module>
    from torch.ao.quantization.quantizer import (
    ...<6 lines>...
    )
  File "/pytorch/rl/venv/lib/python3.14/site-packages/torch/ao/quantization/quantizer/__init__.py", line 1, in <module>
  File "/root/.local/share/uv/python/cpython-3.14.2-linux-x86_64-gnu/lib/python3.14/argparse.py", line 1561, in add_argument
    self._check_help(action)
    ~~~~~~~~~~~~~~~~^^^^^^^^
  File "/root/.local/share/uv/python/cpython-3.14.2-linux-x86_64-gnu/lib/python3.14/argparse.py", line 1749, in _check_help
    raise ValueError('badly formed help string') from exc
ValueError: badly formed help string
FAILED test/test_configs.py::TestHydraParsing::test_transformed_env_parsing_with_file - AssertionError: Test failed: Traceback (most recent call last):
  File "/root/.local/share/uv/python/cpython-3.14.2-linux-x86_64-gnu/lib/python3.14/argparse.py", line 1747, in _check_help
    formatter._expand_help(action)
    ~~~~~~~~~~~~~~~~~~~~~~^^^^^^^^
  File "/root/.local/share/uv/python/cpython-3.14.2-linux-x86_64-gnu/lib/python3.14/argparse.py", line 667, in _expand_help
    if '%' not in help_string:
       ^^^^^^^^^^^^^^^^^^^^^^
TypeError: argument of type 'LazyCompletionHelp' is not a container or iterable

The above exception was the direct cause of the following exception:

Traceback (most recent call last):
  File "/tmp/pytest-of-root/pytest-0/test_transformed_env_parsing_w0/test.py", line 16, in <module>
    main()
    ~~~~^^
  File "/pytorch/rl/venv/lib/python3.14/site-packages/hydra/main.py", line 85, in decorated_main
    args_parser = get_args_parser()
  File "/pytorch/rl/venv/lib/python3.14/site-packages/hydra/_internal/utils.py", line 547, in get_args_parser
    parser.add_argument(
    ~~~~~~~~~~~~~~~~~~~^
        "--shell-completion",
        ^^^^^^^^^^^^^^^^^^^^^
    ...<2 lines>...
        help=LazyCompletionHelp(),  # type: ignore
        ^^^^^^^^^^^^^^^^^^^^^^^^^^^^^^^^^^^^^^^^^^
    )
    ^
  File "/root/.local/share/uv/python/cpython-3.14.2-linux-x86_64-gnu/lib/python3.14/argparse.py", line 1561, in add_argument
    self._check_help(action)
    ~~~~~~~~~~~~~~~~^^^^^^^^
  File "/root/.local/share/uv/python/cpython-3.14.2-linux-x86_64-gnu/lib/python3.14/argparse.py", line 1749, in _check_help
    raise ValueError('badly formed help string') from exc
ValueError: badly formed help string
FAILED test/test_cost.py::test_exploration_compile - RuntimeError: torch.compile is not supported on Python 3.14+
FAILED test/test_env.py::TestRollout::test_rollout[1-PONG_VERSIONED] - gymnasium.error.NamespaceNotFound: Namespace ALE not found. Have you installed the proper package for ALE?
FAILED test/test_env.py::TestRollout::test_rollout[4-PONG_VERSIONED] - gymnasium.error.NamespaceNotFound: Namespace ALE not found. Have you installed the proper package for ALE?
FAILED test/test_env.py::TestInfoDict::test_info_dict_reader[device0] - gymnasium.error.DependencyNotInstalled: MuJoCo is not installed, run `pip install "gymnasium[mujoco]"`
FAILED test/test_env.py::TestInfoDict::test_auto_register[device0] - gymnasium.error.DependencyNotInstalled: MuJoCo is not installed, run `pip install "gymnasium[mujoco]"`
FAILED test/test_libs.py::TestGym::test_gym[True-True-1-ALE/Pong-v5] - gymnasium.error.NamespaceNotFound: Namespace ALE not found. Have you installed the proper package for ALE?
FAILED test/test_libs.py::TestGym::test_gym[True-True-3-ALE/Pong-v5] - gymnasium.error.NamespaceNotFound: Namespace ALE not found. Have you installed the proper package for ALE?
FAILED test/test_libs.py::TestGym::test_gym[True-False-1-ALE/Pong-v5] - gymnasium.error.NamespaceNotFound: Namespace ALE not found. Have you installed the proper package for ALE?
FAILED test/test_libs.py::TestGym::test_gym[True-False-3-ALE/Pong-v5] - gymnasium.error.NamespaceNotFound: Namespace ALE not found. Have you installed the proper package for ALE?
FAILED test/test_libs.py::TestGym::test_gym[False-False-1-HalfCheetah-v5] - gymnasium.error.DependencyNotInstalled: MuJoCo is not installed, run `pip install "gymnasium[mujoco]"`
FAILED test/test_libs.py::TestGym::test_gym[False-False-3-HalfCheetah-v5] - gymnasium.error.DependencyNotInstalled: MuJoCo is not installed, run `pip install "gymnasium[mujoco]"`
FAILED test/test_libs.py::TestGym::test_gym_fake_td[False-False-1-HalfCheetah-v5] - gymnasium.error.DependencyNotInstalled: MuJoCo is not installed, run `pip install "gymnasium[mujoco]"`
FAILED test/test_libs.py::TestGym::test_gym_fake_td[False-False-3-HalfCheetah-v5] - gymnasium.error.DependencyNotInstalled: MuJoCo is not installed, run `pip install "gymnasium[mujoco]"`
FAILED test/test_libs.py::TestGym::test_gym_fake_td[True-True-1-ALE/Pong-v5] - gymnasium.error.NamespaceNotFound: Namespace ALE not found. Have you installed the proper package for ALE?
FAILED test/test_libs.py::TestGym::test_gym_fake_td[True-True-3-ALE/Pong-v5] - gymnasium.error.NamespaceNotFound: Namespace ALE not found. Have you installed the proper package for ALE?
FAILED test/test_libs.py::TestGym::test_gym_fake_td[True-False-1-ALE/Pong-v5] - gymnasium.error.NamespaceNotFound: Namespace ALE not found. Have you installed the proper package for ALE?
FAILED test/test_libs.py::TestGym::test_gym_fake_td[True-False-3-ALE/Pong-v5] - gymnasium.error.NamespaceNotFound: Namespace ALE not found. Have you installed the proper package for ALE?
FAILED test/test_libs.py::TestGym::test_vecenvs_wrapper[HalfCheetah-v4] - gymnasium.error.DependencyNotInstalled: MuJoCo is not installed, run `pip install "gymnasium[mujoco]"`
FAILED test/test_libs.py::TestGym::test_vecenvs_env[HalfCheetah-v4] - gymnasium.error.DependencyNotInstalled: MuJoCo is not installed, run `pip install "gymnasium[mujoco]"`
FAILED test/test_libs.py::test_td_creation_from_spec[GymEnv-env_args0-env_kwargs0] - gymnasium.error.DependencyNotInstalled: MuJoCo is not installed, run `pip install "gymnasium[mujoco]"`
FAILED test/test_libs.py::test_td_creation_from_spec[GymEnv-env_args1-env_kwargs1] - gymnasium.error.NamespaceNotFound: Namespace ALE not found. Have you installed the proper package for ALE?
FAILED test/test_libs.py::TestCollectorLib::test_collector_run[device0-GymEnv-env_args0-env_kwargs0] - gymnasium.error.DependencyNotInstalled: MuJoCo is not installed, run `pip install "gymnasium[mujoco]"`
FAILED test/test_rb.py::TestComposableBuffers::test_extend_sample_recompile[False-3-ReplayBuffer-LazyTensorStorage-tensor-RoundRobinWriter-RandomSampler] - RuntimeError: torch.compile is not supported on Python 3.14+
FAILED test/test_rb.py::TestComposableBuffers::test_extend_sample_recompile[False-3-ReplayBuffer-LazyTensorStorage-pytree-RoundRobinWriter-RandomSampler] - RuntimeError: torch.compile is not supported on Python 3.14+
FAILED test/test_rb.py::TestComposableBuffers::test_extend_sample_recompile[False-5-ReplayBuffer-LazyTensorStorage-tensor-RoundRobinWriter-RandomSampler] - RuntimeError: torch.compile is not supported on Python 3.14+
FAILED test/test_rb.py::TestComposableBuffers::test_extend_sample_recompile[False-5-ReplayBuffer-LazyTensorStorage-pytree-RoundRobinWriter-RandomSampler] - RuntimeError: torch.compile is not supported on Python 3.14+
FAILED test/test_rb.py::TestComposableBuffers::test_extend_sample_recompile[False-100-ReplayBuffer-LazyTensorStorage-tensor-RoundRobinWriter-RandomSampler] - RuntimeError: torch.compile is not supported on Python 3.14+
FAILED test/test_rb.py::TestComposableBuffers::test_extend_sample_recompile[False-100-ReplayBuffer-LazyTensorStorage-pytree-RoundRobinWriter-RandomSampler] - RuntimeError: torch.compile is not supported on Python 3.14+
FAILED test/test_rb.py::TestComposableBuffers::test_extend_sample_recompile[True-3-ReplayBuffer-LazyTensorStorage-tensor-RoundRobinWriter-RandomSampler] - RuntimeError: torch.compile is not supported on Python 3.14+
FAILED test/test_rb.py::TestComposableBuffers::test_extend_sample_recompile[True-3-ReplayBuffer-LazyTensorStorage-pytree-RoundRobinWriter-RandomSampler] - RuntimeError: torch.compile is not supported on Python 3.14+
FAILED test/test_rb.py::TestComposableBuffers::test_extend_sample_recompile[True-5-ReplayBuffer-LazyTensorStorage-tensor-RoundRobinWriter-RandomSampler] - RuntimeError: torch.compile is not supported on Python 3.14+
FAILED test/test_rb.py::TestComposableBuffers::test_extend_sample_recompile[True-5-ReplayBuffer-LazyTensorStorage-pytree-RoundRobinWriter-RandomSampler] - RuntimeError: torch.compile is not supported on Python 3.14+
FAILED test/test_rb.py::TestComposableBuffers::test_extend_sample_recompile[True-100-ReplayBuffer-LazyTensorStorage-tensor-RoundRobinWriter-RandomSampler] - RuntimeError: torch.compile is not supported on Python 3.14+
FAILED test/test_rb.py::TestComposableBuffers::test_extend_sample_recompile[True-100-ReplayBuffer-LazyTensorStorage-pytree-RoundRobinWriter-RandomSampler] - RuntimeError: torch.compile is not supported on Python 3.14+
FAILED test/test_rb.py::TestStorages::test__rand_given_ndim_recompile - RuntimeError: torch.compile is not supported on Python 3.14+
FAILED test/test_trainer.py::TestRecorder::test_recorder - gymnasium.error.NamespaceNotFound: Namespace ALE not found. Have you installed the proper package for ALE?
FAILED test/test_trainer.py::TestRecorder::test_recorder_load[torch] - gymnasium.error.NamespaceNotFound: Namespace ALE not found. Have you installed the proper package for ALE?
FAILED test/test_transforms.py::TestCrop::test_transform_env[None] - gymnasium.error.NamespaceNotFound: Namespace ALE not found. Have you installed the proper package for ALE?
FAILED test/test_transforms.py::TestCrop::test_transform_env[out_key1] - gymnasium.error.NamespaceNotFound: Namespace ALE not found. Have you installed the proper package for ALE?
FAILED test/test_transforms.py::TestCrop::test_transform_env[out_key2] - gymnasium.error.NamespaceNotFound: Namespace ALE not found. Have you installed the proper package for ALE?
FAILED test/test_transforms.py::TestCenterCrop::test_transform_env[None] - gymnasium.error.NamespaceNotFound: Namespace ALE not found. Have you installed the proper package for ALE?
FAILED test/test_transforms.py::TestCenterCrop::test_transform_env[out_key1] - gymnasium.error.NamespaceNotFound: Namespace ALE not found. Have you installed the proper package for ALE?
FAILED test/test_transforms.py::TestCenterCrop::test_transform_env[out_key2] - gymnasium.error.NamespaceNotFound: Namespace ALE not found. Have you installed the proper package for ALE?
FAILED test/test_transforms.py::TestFlattenObservation::test_transform_env[None] - gymnasium.error.NamespaceNotFound: Namespace ALE not found. Have you installed the proper package for ALE?
FAILED test/test_transforms.py::TestFlattenObservation::test_transform_env[out_keys1] - gymnasium.error.NamespaceNotFound: Namespace ALE not found. Have you installed the proper package for ALE?
FAILED test/test_transforms.py::TestFlattenObservation::test_transform_env[out_keys2] - gymnasium.error.NamespaceNotFound: Namespace ALE not found. Have you installed the proper package for ALE?
FAILED test/test_transforms.py::TestResize::test_transform_env[pixels] - gymnasium.error.NamespaceNotFound: Namespace ALE not found. Have you installed the proper package for ALE?
FAILED test/test_transforms.py::TestResize::test_transform_env[out_key1] - gymnasium.error.NamespaceNotFound: Namespace ALE not found. Have you installed the proper package for ALE?
FAILED test/test_transforms.py::TestUnsqueezeTransform::test_transform_inverse - gymnasium.error.DependencyNotInstalled: MuJoCo is not installed, run `pip install "gymnasium[mujoco]"`
FAILED test/test_transforms.py::TestSqueezeTransform::test_transform_inverse - gymnasium.error.DependencyNotInstalled: MuJoCo is not installed, run `pip install "gymnasium[mujoco]"`
FAILED test/test_transforms.py::TestEndOfLife::test_trans_parallel_env_check - gymnasium.error.NamespaceNotFound: Namespace ALE not found. Have you installed the proper package for ALE?
FAILED test/test_transforms.py::TestEndOfLife::test_trans_serial_env_check - Failed: DID NOT WARN. No warnings of type (<class 'UserWarning'>,) were emitted.
 Emitted warnings: [].
FAILED test/test_transforms.py::TestEndOfLife::test_single_trans_env_check[lives_key-eol_key] - gymnasium.error.NamespaceNotFound: Namespace ALE not found. Have you installed the proper package for ALE?
FAILED test/test_transforms.py::TestEndOfLife::test_single_trans_env_check[lives_key-eol_key1] - gymnasium.error.NamespaceNotFound: Namespace ALE not found. Have you installed the proper package for ALE?
FAILED test/test_transforms.py::TestEndOfLife::test_single_trans_env_check[lives_key1-eol_key] - gymnasium.error.NamespaceNotFound: Namespace ALE not found. Have you installed the proper package for ALE?
FAILED test/test_transforms.py::TestEndOfLife::test_single_trans_env_check[lives_key1-eol_key1] - gymnasium.error.NamespaceNotFound: Namespace ALE not found. Have you installed the proper package for ALE?
FAILED test/test_transforms.py::TestEndOfLife::test_serial_trans_env_check[lives_key-eol_key] - gymnasium.error.NamespaceNotFound: Namespace ALE not found. Have you installed the proper package for ALE?
FAILED test/test_transforms.py::TestEndOfLife::test_serial_trans_env_check[lives_key-eol_key1] - gymnasium.error.NamespaceNotFound: Namespace ALE not found. Have you installed the proper package for ALE?
FAILED test/test_transforms.py::TestEndOfLife::test_serial_trans_env_check[lives_key1-eol_key] - gymnasium.error.NamespaceNotFound: Namespace ALE not found. Have you installed the proper package for ALE?
FAILED test/test_transforms.py::TestEndOfLife::test_serial_trans_env_check[lives_key1-eol_key1] - gymnasium.error.NamespaceNotFound: Namespace ALE not found. Have you installed the proper package for ALE?
FAILED test/test_transforms.py::TestEndOfLife::test_parallel_trans_env_check[lives_key-eol_key] - gymnasium.error.NamespaceNotFound: Namespace ALE not found. Have you installed the proper package for ALE?
FAILED test/test_transforms.py::TestEndOfLife::test_parallel_trans_env_check[lives_key-eol_key1] - gymnasium.error.NamespaceNotFound: Namespace ALE not found. Have you installed the proper package for ALE?
FAILED test/test_transforms.py::TestEndOfLife::test_parallel_trans_env_check[lives_key1-eol_key] - gymnasium.error.NamespaceNotFound: Namespace ALE not found. Have you installed the proper package for ALE?
FAILED test/test_transforms.py::TestEndOfLife::test_parallel_trans_env_check[lives_key1-eol_key1] - gymnasium.error.NamespaceNotFound: Namespace ALE not found. Have you installed the proper package for ALE?
FAILED test/test_transforms.py::TestEndOfLife::test_transform_env[lives_key-eol_key] - gymnasium.error.NamespaceNotFound: Namespace ALE not found. Have you installed the proper package for ALE?
FAILED test/test_transforms.py::TestEndOfLife::test_transform_env[lives_key-eol_key1] - gymnasium.error.NamespaceNotFound: Namespace ALE not found. Have you installed the proper package for ALE?
FAILED test/test_transforms.py::TestEndOfLife::test_transform_env[lives_key1-eol_key] - gymnasium.error.NamespaceNotFound: Namespace ALE not found. Have you installed the proper package for ALE?
FAILED test/test_transforms.py::TestEndOfLife::test_transform_env[lives_key1-eol_key1] - gymnasium.error.NamespaceNotFound: Namespace ALE not found. Have you installed the proper package for ALE?
FAILED test/test_transforms.py::TestActionDiscretizer::test_transform_env[cheetah-None-True-False] - gymnasium.error.DependencyNotInstalled: MuJoCo is not installed, run `pip install "gymnasium[mujoco]"`
FAILED test/test_transforms.py::TestActionDiscretizer::test_transform_env[cheetah-None-True-True] - gymnasium.error.DependencyNotInstalled: MuJoCo is not installed, run `pip install "gymnasium[mujoco]"`
FAILED test/test_transforms.py::TestActionDiscretizer::test_transform_env[cheetah-None-False-False] - gymnasium.error.DependencyNotInstalled: MuJoCo is not installed, run `pip install "gymnasium[mujoco]"`
FAILED test/test_transforms.py::TestActionDiscretizer::test_transform_env[cheetah-None-False-True] - gymnasium.error.DependencyNotInstalled: MuJoCo is not installed, run `pip install "gymnasium[mujoco]"`
FAILED test/test_transforms.py::TestActionDiscretizer::test_transform_env[cheetah-0-True-False] - gymnasium.error.DependencyNotInstalled: MuJoCo is not installed, run `pip install "gymnasium[mujoco]"`
FAILED test/test_transforms.py::TestActionDiscretizer::test_transform_env[cheetah-0-True-True] - gymnasium.error.DependencyNotInstalled: MuJoCo is not installed, run `pip install "gymnasium[mujoco]"`
FAILED test/test_transforms.py::TestActionDiscretizer::test_transform_env[cheetah-0-False-False] - gymnasium.error.DependencyNotInstalled: MuJoCo is not installed, run `pip install "gymnasium[mujoco]"`
FAILED test/test_transforms.py::TestActionDiscretizer::test_transform_env[cheetah-0-False-True] - gymnasium.error.DependencyNotInstalled: MuJoCo is not installed, run `pip install "gymnasium[mujoco]"`
FAILED test/test_transforms.py::TestActionDiscretizer::test_transform_env[cheetah-1-True-False] - gymnasium.error.DependencyNotInstalled: MuJoCo is not installed, run `pip install "gymnasium[mujoco]"`
FAILED test/test_transforms.py::TestActionDiscretizer::test_transform_env[cheetah-1-True-True] - gymnasium.error.DependencyNotInstalled: MuJoCo is not installed, run `pip install "gymnasium[mujoco]"`
FAILED test/test_transforms.py::TestActionDiscretizer::test_transform_env[cheetah-1-False-False] - gymnasium.error.DependencyNotInstalled: MuJoCo is not installed, run `pip install "gymnasium[mujoco]"`
FAILED test/test_transforms.py::TestActionDiscretizer::test_transform_env[cheetah-1-False-True] - gymnasium.error.DependencyNotInstalled: MuJoCo is not installed, run `pip install "gymnasium[mujoco]"`
FAILED test/test_transforms.py::TestActionDiscretizer::test_transform_env[cheetah-2-True-False] - gymnasium.error.DependencyNotInstalled: MuJoCo is not installed, run `pip install "gymnasium[mujoco]"`
FAILED test/test_transforms.py::TestActionDiscretizer::test_transform_env[cheetah-2-True-True] - gymnasium.error.DependencyNotInstalled: MuJoCo is not installed, run `pip install "gymnasium[mujoco]"`
FAILED test/test_transforms.py::TestActionDiscretizer::test_transform_env[cheetah-2-False-False] - gymnasium.error.DependencyNotInstalled: MuJoCo is not installed, run `pip install "gymnasium[mujoco]"`
FAILED test/test_transforms.py::TestActionDiscretizer::test_transform_env[cheetah-2-False-True] - gymnasium.error.DependencyNotInstalled: MuJoCo is not installed, run `pip install "gymnasium[mujoco]"`
FAILED test/test_transforms.py::TestActionDiscretizer::test_transform_env[cheetah-3-True-False] - gymnasium.error.DependencyNotInstalled: MuJoCo is not installed, run `pip install "gymnasium[mujoco]"`
FAILED test/test_transforms.py::TestActionDiscretizer::test_transform_env[cheetah-3-True-True] - gymnasium.error.DependencyNotInstalled: MuJoCo is not installed, run `pip install "gymnasium[mujoco]"`
FAILED test/test_transforms.py::TestActionDiscretizer::test_transform_env[cheetah-3-False-False] - gymnasium.error.DependencyNotInstalled: MuJoCo is not installed, run `pip install "gymnasium[mujoco]"`
FAILED test/test_transforms.py::TestActionDiscretizer::test_transform_env[cheetah-3-False-True] - gymnasium.error.DependencyNotInstalled: MuJoCo is not installed, run `pip install "gymnasium[mujoco]"`
FAILED test/test_utils.py::test_capture_log_records_recompile - RuntimeError: torch.compile is not supported on Python 3.14+

